<?xml version="1.0" encoding="UTF-8"?>
<!-- Generated by org.testng.reporters.JUnitReportReporter -->
<testsuite hostname="DESKTOP-FBC9JGO" failures="0" tests="1" name="practice.DDT" time="30.239" errors="0" timestamp="2023-11-01T19:19:14 IST" skipped="0">
  <testcase classname="practice.DDT" name="one" time="30.239"/>
</testsuite> <!-- practice.DDT -->
