<?xml version="1.0" encoding="UTF-8"?>
<!-- Generated by org.testng.reporters.JUnitReportReporter -->
<testsuite hostname="DESKTOP-FBC9JGO" failures="0" tests="1" name="practice.HoverOver" time="24.470" errors="0" timestamp="2023-11-03T12:16:41 IST" skipped="0">
  <testcase classname="practice.HoverOver" name="one" time="24.470"/>
</testsuite> <!-- practice.HoverOver -->
