<?xml version="1.0" encoding="UTF-8"?>
<!-- Generated by org.testng.reporters.JUnitReportReporter -->
<testsuite hostname="DESKTOP-FBC9JGO" failures="0" tests="3" name="data_provider.Practice" time="27.537" errors="0" timestamp="2023-10-12T00:33:05 IST" skipped="0">
  <testcase classname="data_provider.Practice" name="sc1" time="7.485"/>
  <testcase classname="data_provider.Practice" name="sc1" time="8.810"/>
  <testcase classname="data_provider.Practice" name="sc1" time="11.242"/>
</testsuite> <!-- data_provider.Practice -->
