<?xml version="1.0" encoding="UTF-8"?>
<!-- Generated by org.testng.reporters.JUnitReportReporter -->
<testsuite hostname="DESKTOP-FBC9JGO" failures="0" tests="2" name="practice.Browser" time="33.102" errors="0" timestamp="2023-11-03T16:02:39 IST" skipped="0">
  <testcase classname="practice.Browser" name="one" time="15.255"/>
  <testcase classname="practice.Browser" name="one" time="17.847"/>
</testsuite> <!-- practice.Browser -->
