<?xml version="1.0" encoding="UTF-8"?>
<!-- Generated by org.testng.reporters.JUnitReportReporter -->
<testsuite hostname="DESKTOP-FBC9JGO" failures="0" tests="1" name="practice.Flight" time="48.553" errors="0" timestamp="2023-10-01T18:34:22 IST" skipped="0">
  <testcase classname="practice.Flight" name="login" time="48.553"/>
</testsuite> <!-- practice.Flight -->
