<?xml version="1.0" encoding="UTF-8"?>
<!-- Generated by org.testng.reporters.JUnitReportReporter -->
<testsuite hostname="DESKTOP-FBC9JGO" failures="0" tests="1" name="practice.DD" time="21.357" errors="0" timestamp="2023-11-03T11:59:15 IST" skipped="0">
  <testcase classname="practice.DD" name="one" time="21.357"/>
</testsuite> <!-- practice.DD -->
