<?xml version="1.0" encoding="UTF-8"?>
<!-- Generated by org.testng.reporters.JUnitReportReporter -->
<testsuite hostname="DESKTOP-FBC9JGO" failures="0" tests="1" name="ddt.Credential" time="0.089" errors="0" timestamp="2023-09-23T10:25:17 IST" skipped="0">
  <testcase classname="ddt.Credential" name="password" time="0.089"/>
</testsuite> <!-- ddt.Credential -->
