<?xml version="1.0" encoding="UTF-8"?>
<!-- Generated by org.testng.reporters.JUnitReportReporter -->
<testsuite hostname="DESKTOP-FBC9JGO" failures="0" tests="3" name="parallalTesting_Crossbrowser.ChoosingBrowser" time="64.453" errors="0" timestamp="2023-10-02T20:00:23 IST" skipped="0">
  <testcase classname="parallalTesting_Crossbrowser.ChoosingBrowser" name="ts1" time="25.325"/>
  <testcase classname="parallalTesting_Crossbrowser.ChoosingBrowser" name="ts1" time="18.285"/>
  <testcase classname="parallalTesting_Crossbrowser.ChoosingBrowser" name="ts1" time="20.843"/>
</testsuite> <!-- parallalTesting_Crossbrowser.ChoosingBrowser -->
