<?xml version="1.0" encoding="UTF-8"?>
<!-- Generated by org.testng.reporters.JUnitReportReporter -->
<testsuite hostname="DESKTOP-FBC9JGO" failures="0" tests="2" name="annotation.Orderof_Annotation3" time="0.037" errors="0" timestamp="2023-09-23T19:15:49 IST" skipped="0">
  <testcase classname="annotation.Orderof_Annotation3" name="logout" time="0.010"/>
  <testcase classname="annotation.Orderof_Annotation3" name="login" time="0.027"/>
</testsuite> <!-- annotation.Orderof_Annotation3 -->
