<?xml version="1.0" encoding="UTF-8"?>
<!-- Generated by org.testng.reporters.JUnitReportReporter -->
<testsuite hostname="DESKTOP-FBC9JGO" failures="0" tests="10" name="data_provider.Fb_Login_Using_Multipledata" time="98.455" errors="0" timestamp="2023-10-10T20:24:09 IST" skipped="0">
  <testcase classname="data_provider.Fb_Login_Using_Multipledata" name="sc1" time="10.240"/>
  <testcase classname="data_provider.Fb_Login_Using_Multipledata" name="sc1" time="6.648"/>
  <testcase classname="data_provider.Fb_Login_Using_Multipledata" name="sc1" time="13.656"/>
  <testcase classname="data_provider.Fb_Login_Using_Multipledata" name="sc1" time="10.280"/>
  <testcase classname="data_provider.Fb_Login_Using_Multipledata" name="sc1" time="7.642"/>
  <testcase classname="data_provider.Fb_Login_Using_Multipledata" name="sc1" time="7.087"/>
  <testcase classname="data_provider.Fb_Login_Using_Multipledata" name="sc1" time="11.508"/>
  <testcase classname="data_provider.Fb_Login_Using_Multipledata" name="sc1" time="11.344"/>
  <testcase classname="data_provider.Fb_Login_Using_Multipledata" name="sc1" time="10.761"/>
  <testcase classname="data_provider.Fb_Login_Using_Multipledata" name="sc1" time="9.289"/>
</testsuite> <!-- data_provider.Fb_Login_Using_Multipledata -->
