<?xml version="1.0" encoding="UTF-8"?>
<!-- Generated by org.testng.reporters.JUnitReportReporter -->
<testsuite hostname="DESKTOP-FBC9JGO" failures="0" tests="1" name="practice.Assertion_Class" time="16.640" errors="0" timestamp="2023-11-03T18:35:06 IST" skipped="0">
  <testcase classname="practice.Assertion_Class" name="one" time="16.640"/>
</testsuite> <!-- practice.Assertion_Class -->
