<?xml version="1.0" encoding="UTF-8"?>
<!-- Generated by org.testng.reporters.JUnitReportReporter -->
<testsuite hostname="DESKTOP-FBC9JGO" failures="0" tests="4" name="data_provider.Testcase1" time="0.082" errors="0" timestamp="2023-10-10T19:48:02 IST" skipped="0">
  <testcase classname="data_provider.Testcase1" name="test1" time="0.016"/>
  <testcase classname="data_provider.Testcase1" name="test1" time="0.043"/>
  <testcase classname="data_provider.Testcase1" name="test1" time="0.014"/>
  <testcase classname="data_provider.Testcase1" name="test1" time="0.009"/>
</testsuite> <!-- data_provider.Testcase1 -->
