<?xml version="1.0" encoding="UTF-8"?>
<!-- Generated by org.testng.reporters.JUnitReportReporter -->
<testsuite hostname="DESKTOP-FBC9JGO" failures="0" tests="3" name="annotation.Orderof_Annotation4" time="0.128" errors="0" timestamp="2023-09-23T19:16:22 IST" skipped="0">
  <testcase classname="annotation.Orderof_Annotation4" name="multiplication" time="0.050"/>
  <testcase classname="annotation.Orderof_Annotation4" name="add" time="0.031"/>
  <testcase classname="annotation.Orderof_Annotation4" name="substract" time="0.047"/>
</testsuite> <!-- annotation.Orderof_Annotation4 -->
