<?xml version="1.0" encoding="UTF-8"?>
<!-- Generated by org.testng.reporters.JUnitReportReporter -->
<testsuite hostname="DESKTOP-FBC9JGO" failures="0" tests="2" name="newone.Orderof_Annotation3" time="0.011" errors="0" timestamp="2023-09-13T11:36:07 IST" skipped="0">
  <testcase classname="newone.Orderof_Annotation3" name="logout" time="0.005"/>
  <testcase classname="newone.Orderof_Annotation3" name="login" time="0.006"/>
</testsuite> <!-- newone.Orderof_Annotation3 -->
