<?xml version="1.0" encoding="UTF-8"?>
<!-- Generated by org.testng.reporters.JUnitReportReporter -->
<testsuite hostname="DESKTOP-FBC9JGO" failures="0" tests="3" name="annotation.Orderof_Annotation7" time="0.045" errors="0" timestamp="2023-09-23T19:23:54 IST" skipped="0">
  <testcase classname="annotation.Orderof_Annotation7" name="add" time="0.022"/>
  <testcase classname="annotation.Orderof_Annotation7" name="multiplication" time="0.012"/>
  <testcase classname="annotation.Orderof_Annotation7" name="substract" time="0.011"/>
</testsuite> <!-- annotation.Orderof_Annotation7 -->
