<?xml version="1.0" encoding="UTF-8"?>
<!-- Generated by org.testng.reporters.JUnitReportReporter -->
<testsuite hostname="DESKTOP-FBC9JGO" failures="0" tests="1" name="programe.Math_Class" time="0.036" errors="0" timestamp="2023-09-15T17:51:23 IST" skipped="0">
  <testcase classname="programe.Math_Class" name="ts1" time="0.036"/>
</testsuite> <!-- programe.Math_Class -->
