<?xml version="1.0" encoding="UTF-8"?>
<!-- Generated by org.testng.reporters.JUnitReportReporter -->
<testsuite hostname="DESKTOP-FBC9JGO" failures="0" tests="1" name="newone.Orderof_Annotation1" time="0.006" errors="0" timestamp="2023-09-13T11:36:07 IST" skipped="0">
  <testcase classname="newone.Orderof_Annotation1" name="test" time="0.006"/>
</testsuite> <!-- newone.Orderof_Annotation1 -->
