<?xml version="1.0" encoding="UTF-8"?>
<!-- Generated by org.testng.reporters.JUnitReportReporter -->
<testsuite hostname="DESKTOP-FBC9JGO" failures="0" tests="2" name="programe.Lunch_Browser1" time="48.419" errors="0" timestamp="2023-09-15T21:33:04 IST" skipped="0">
  <testcase classname="programe.Lunch_Browser1" name="test1" time="30.057"/>
  <testcase classname="programe.Lunch_Browser1" name="test2" time="18.362"/>
</testsuite> <!-- programe.Lunch_Browser1 -->
