<?xml version="1.0" encoding="UTF-8"?>
<!-- Generated by org.testng.reporters.JUnitReportReporter -->
<testsuite hostname="DESKTOP-FBC9JGO" failures="0" tests="2" name="TestNG_Parameter.Priority" time="0.081" errors="0" timestamp="2023-10-04T18:21:47 IST" skipped="0">
  <testcase classname="TestNG_Parameter.Priority" name="substract" time="0.020"/>
  <testcase classname="TestNG_Parameter.Priority" name="add" time="0.061"/>
</testsuite> <!-- TestNG_Parameter.Priority -->
