<?xml version="1.0" encoding="UTF-8"?>
<!-- Generated by org.testng.reporters.JUnitReportReporter -->
<testsuite hostname="DESKTOP-FBC9JGO" failures="0" tests="1" name="practice.URL_Class" time="163.178" errors="0" timestamp="2023-10-30T18:29:52 IST" skipped="0">
  <testcase classname="practice.URL_Class" name="sc1" time="163.178"/>
</testsuite> <!-- practice.URL_Class -->
