<?xml version="1.0" encoding="UTF-8"?>
<!-- Generated by org.testng.reporters.JUnitReportReporter -->
<testsuite hostname="DESKTOP-FBC9JGO" failures="0" tests="1" name="programe.RightClick_DoubleClick_Robot_Class" time="36.072" errors="0" timestamp="2023-10-06T18:26:52 IST" skipped="0">
  <testcase classname="programe.RightClick_DoubleClick_Robot_Class" name="rightclick" time="36.072"/>
</testsuite> <!-- programe.RightClick_DoubleClick_Robot_Class -->
