<?xml version="1.0" encoding="UTF-8"?>
<!-- Generated by org.testng.reporters.JUnitReportReporter -->
<testsuite hostname="DESKTOP-FBC9JGO" failures="0" tests="1" name="programe.Print_Link_Amazon" time="29.220" errors="0" timestamp="2023-10-04T23:26:04 IST" skipped="0">
  <testcase classname="programe.Print_Link_Amazon" name="link" time="29.220"/>
</testsuite> <!-- programe.Print_Link_Amazon -->
