<?xml version="1.0" encoding="UTF-8"?>
<!-- Generated by org.testng.reporters.JUnitReportReporter -->
<testsuite hostname="DESKTOP-FBC9JGO" failures="0" tests="3" name="newone.Orderof_Annotation5" time="0.057" errors="0" timestamp="2023-09-13T11:36:07 IST" skipped="0">
  <testcase classname="newone.Orderof_Annotation5" name="add" time="0.036"/>
  <testcase classname="newone.Orderof_Annotation5" name="substract" time="0.011"/>
  <testcase classname="newone.Orderof_Annotation5" name="multiplication" time="0.010"/>
</testsuite> <!-- newone.Orderof_Annotation5 -->
