<?xml version="1.0" encoding="UTF-8"?>
<!-- Generated by org.testng.reporters.JUnitReportReporter -->
<testsuite hostname="DESKTOP-FBC9JGO" failures="0" tests="4" name="data_provider.TestCase2" time="32.508" errors="0" timestamp="2023-10-10T20:14:16 IST" skipped="0">
  <testcase classname="data_provider.TestCase2" name="sc1" time="6.662"/>
  <testcase classname="data_provider.TestCase2" name="sc1" time="6.802"/>
  <testcase classname="data_provider.TestCase2" name="sc1" time="8.809"/>
  <testcase classname="data_provider.TestCase2" name="sc1" time="10.235"/>
</testsuite> <!-- data_provider.TestCase2 -->
