<?xml version="1.0" encoding="UTF-8"?>
<!-- Generated by org.testng.reporters.JUnitReportReporter -->
<testsuite hostname="DESKTOP-FBC9JGO" failures="0" tests="1" name="practice.TestCase2" time="11.381" errors="0" timestamp="2023-11-03T17:28:11 IST" skipped="0">
  <testcase classname="practice.TestCase2" name="one" time="11.381">
    <system-out>
      <![CDATA[Passed]]>
    </system-out>
  </testcase> <!-- one -->
  <system-out>
    <![CDATA[Passed]]>
  </system-out>
</testsuite> <!-- practice.TestCase2 -->
