<?xml version="1.0" encoding="UTF-8"?>
<!-- Generated by org.testng.reporters.JUnitReportReporter -->
<testsuite hostname="DESKTOP-FBC9JGO" failures="0" tests="1" name="programe.Gtm" time="41.376" errors="0" timestamp="2023-09-13T13:38:52 IST" skipped="0">
  <testcase classname="programe.Gtm" name="test1" time="41.376"/>
</testsuite> <!-- programe.Gtm -->
