<?xml version="1.0" encoding="UTF-8"?>
<!-- Generated by org.testng.reporters.JUnitReportReporter -->
<testsuite hostname="DESKTOP-FBC9JGO" failures="0" tests="1" name="smoketestingofamazon.Scenario5" time="29.673" errors="0" timestamp="2023-09-14T18:43:35 IST" skipped="0">
  <testcase classname="smoketestingofamazon.Scenario5" name="testcase1" time="29.673"/>
</testsuite> <!-- smoketestingofamazon.Scenario5 -->
