<?xml version="1.0" encoding="UTF-8"?>
<!-- Generated by org.testng.reporters.JUnitReportReporter -->
<testsuite hostname="DESKTOP-FBC9JGO" failures="0" tests="3" name="annotation.Orderof_Annotation5" time="0.084" errors="0" timestamp="2023-09-23T19:16:51 IST" skipped="0">
  <testcase classname="annotation.Orderof_Annotation5" name="multiplication" time="0.025"/>
  <testcase classname="annotation.Orderof_Annotation5" name="substract" time="0.025"/>
  <testcase classname="annotation.Orderof_Annotation5" name="add" time="0.034"/>
</testsuite> <!-- annotation.Orderof_Annotation5 -->
