<?xml version="1.0" encoding="UTF-8"?>
<!-- Generated by org.testng.reporters.JUnitReportReporter -->
<testsuite hostname="DESKTOP-FBC9JGO" failures="0" tests="1" name="multiple_testcase_together.Four" time="0.007" errors="0" timestamp="2023-09-23T19:26:17 IST" skipped="0">
  <testcase classname="multiple_testcase_together.Four" name="testcase4" time="0.007"/>
</testsuite> <!-- multiple_testcase_together.Four -->
