<?xml version="1.0" encoding="UTF-8"?>
<!-- Generated by org.testng.reporters.JUnitReportReporter -->
<testsuite hostname="DESKTOP-FBC9JGO" failures="0" tests="11" name="TestNG_Parameter.Invocation_Count" time="0.185" errors="0" timestamp="2023-09-23T19:28:15 IST" skipped="1">
  <testcase classname="TestNG_Parameter.Invocation_Count" name="test1" time="0.017"/>
  <testcase classname="TestNG_Parameter.Invocation_Count" name="test1" time="0.036"/>
  <testcase classname="TestNG_Parameter.Invocation_Count" name="test1" time="0.026"/>
  <testcase classname="TestNG_Parameter.Invocation_Count" name="test1" time="0.010"/>
  <testcase classname="TestNG_Parameter.Invocation_Count" name="test1" time="0.002"/>
  <testcase classname="TestNG_Parameter.Invocation_Count" name="test1" time="0.010"/>
  <testcase classname="TestNG_Parameter.Invocation_Count" name="test1" time="0.026"/>
  <testcase classname="TestNG_Parameter.Invocation_Count" name="test1" time="0.011"/>
  <testcase classname="TestNG_Parameter.Invocation_Count" name="test1" time="0.029"/>
  <testcase classname="TestNG_Parameter.Invocation_Count" name="test1" time="0.018"/>
  <testcase classname="TestNG_Parameter.Invocation_Count" name="test2">
    <skipped/>
  </testcase> <!-- test2 -->
</testsuite> <!-- TestNG_Parameter.Invocation_Count -->
