<?xml version="1.0" encoding="UTF-8"?>
<!-- Generated by org.testng.reporters.JUnitReportReporter -->
<testsuite hostname="DESKTOP-FBC9JGO" failures="0" tests="1" name="ddt.Scenario1" time="61.176" errors="0" timestamp="2023-09-25T17:16:11 IST" skipped="0">
  <testcase classname="ddt.Scenario1" name="ts1" time="61.176"/>
</testsuite> <!-- ddt.Scenario1 -->
