<?xml version="1.0" encoding="UTF-8"?>
<!-- Generated by org.testng.reporters.JUnitReportReporter -->
<testsuite hostname="DESKTOP-FBC9JGO" failures="0" tests="3" name="practice.Grouping" time="0.056" errors="0" timestamp="2023-11-03T15:48:36 IST" skipped="0">
  <testcase classname="practice.Grouping" name="four" time="0.034"/>
  <testcase classname="practice.Grouping" name="one" time="0.008"/>
  <testcase classname="practice.Grouping" name="three" time="0.014"/>
</testsuite> <!-- practice.Grouping -->
