<?xml version="1.0" encoding="UTF-8"?>
<!-- Generated by org.testng.reporters.JUnitReportReporter -->
<testsuite hostname="DESKTOP-FBC9JGO" failures="0" tests="2" name="TestNG_Parameter.Enabled" time="0.042" errors="0" timestamp="2023-09-23T19:27:27 IST" skipped="1">
  <testcase classname="TestNG_Parameter.Enabled" name="test1" time="0.042"/>
  <testcase classname="TestNG_Parameter.Enabled" name="test2">
    <skipped/>
  </testcase> <!-- test2 -->
</testsuite> <!-- TestNG_Parameter.Enabled -->
