<?xml version="1.0" encoding="UTF-8"?>
<!-- Generated by org.testng.reporters.JUnitReportReporter -->
<testsuite hostname="DESKTOP-FBC9JGO" failures="0" tests="3" name="annotation.Orderof_Annotation6" time="0.077" errors="0" timestamp="2023-09-23T19:17:31 IST" skipped="0">
  <testcase classname="annotation.Orderof_Annotation6" name="add" time="0.041"/>
  <testcase classname="annotation.Orderof_Annotation6" name="multiplication" time="0.008"/>
  <testcase classname="annotation.Orderof_Annotation6" name="substract" time="0.028"/>
</testsuite> <!-- annotation.Orderof_Annotation6 -->
