<?xml version="1.0" encoding="UTF-8"?>
<!-- Generated by org.testng.reporters.JUnitReportReporter -->
<testsuite hostname="DESKTOP-FBC9JGO" failures="0" tests="1" name="programe.Practice1" time="54.674" errors="0" timestamp="2023-09-16T12:01:38 IST" skipped="0">
  <testcase classname="programe.Practice1" name="auth" time="54.674"/>
</testsuite> <!-- programe.Practice1 -->
