<?xml version="1.0" encoding="UTF-8"?>
<!-- Generated by org.testng.reporters.JUnitReportReporter -->
<testsuite hostname="DESKTOP-FBC9JGO" failures="0" tests="1" name="programe.Lunch_Browser" time="14.201" errors="0" timestamp="2023-09-13T12:16:05 IST" skipped="0">
  <testcase classname="programe.Lunch_Browser" name="testcase1" time="14.201"/>
</testsuite> <!-- programe.Lunch_Browser -->
