<?xml version="1.0" encoding="UTF-8"?>
<!-- Generated by org.testng.reporters.JUnitReportReporter -->
<testsuite hostname="DESKTOP-FBC9JGO" failures="0" tests="2" name="annotation.Orderof_Annotation2" time="0.074" errors="0" timestamp="2023-09-23T19:15:12 IST" skipped="0">
  <testcase classname="annotation.Orderof_Annotation2" name="substract" time="0.012"/>
  <testcase classname="annotation.Orderof_Annotation2" name="add" time="0.062"/>
</testsuite> <!-- annotation.Orderof_Annotation2 -->
