<?xml version="1.0" encoding="UTF-8"?>
<!-- Generated by org.testng.reporters.JUnitReportReporter -->
<testsuite hostname="DESKTOP-FBC9JGO" failures="0" tests="1" name="programe.Random_forloop" time="0.709" errors="0" timestamp="2023-09-15T17:54:45 IST" skipped="0">
  <testcase classname="programe.Random_forloop" name="ts1" time="0.709"/>
</testsuite> <!-- programe.Random_forloop -->
