<?xml version="1.0" encoding="UTF-8"?>
<!-- Generated by org.testng.reporters.JUnitReportReporter -->
<testsuite hostname="DESKTOP-FBC9JGO" failures="0" tests="1" name="annotation.Orderof_Annotation1" time="0.049" errors="0" timestamp="2023-09-23T19:14:29 IST" skipped="0">
  <testcase classname="annotation.Orderof_Annotation1" name="test" time="0.049"/>
</testsuite> <!-- annotation.Orderof_Annotation1 -->
