<?xml version="1.0" encoding="UTF-8"?>
<!-- Generated by org.testng.reporters.JUnitReportReporter -->
<testsuite hostname="DESKTOP-FBC9JGO" failures="0" tests="1" name="programe.Print_Dropdown_Amazon" time="16.947" errors="0" timestamp="2023-10-04T01:06:32 IST" skipped="0">
  <testcase classname="programe.Print_Dropdown_Amazon" name="link" time="16.947"/>
</testsuite> <!-- programe.Print_Dropdown_Amazon -->
