<?xml version="1.0" encoding="UTF-8"?>
<!-- Generated by org.testng.reporters.JUnitReportReporter -->
<testsuite hostname="DESKTOP-FBC9JGO" failures="0" tests="1" name="practice.ScreenShot" time="26.921" errors="0" timestamp="2023-11-03T13:27:44 IST" skipped="0">
  <testcase classname="practice.ScreenShot" name="one" time="26.921"/>
</testsuite> <!-- practice.ScreenShot -->
