<?xml version="1.0" encoding="UTF-8"?>
<!-- Generated by org.testng.reporters.JUnitReportReporter -->
<testsuite hostname="DESKTOP-FBC9JGO" failures="0" tests="1" name="practice.Popup" time="26.044" errors="0" timestamp="2023-11-03T12:26:45 IST" skipped="0">
  <testcase classname="practice.Popup" name="one" time="26.044"/>
</testsuite> <!-- practice.Popup -->
