<?xml version="1.0" encoding="UTF-8"?>
<!-- Generated by org.testng.reporters.JUnitReportReporter -->
<testsuite hostname="DESKTOP-FBC9JGO" failures="0" tests="1" name="programe.Countinue_Keyword" time="0.060" errors="0" timestamp="2023-11-18T12:03:02 IST" skipped="0">
  <testcase classname="programe.Countinue_Keyword" name="one" time="0.060"/>
</testsuite> <!-- programe.Countinue_Keyword -->
