<?xml version="1.0" encoding="UTF-8"?>
<!-- Generated by org.testng.reporters.JUnitReportReporter -->
<testsuite hostname="DESKTOP-FBC9JGO" failures="0" tests="1" name="parallalTesting_Crossbrowser.Parallal_Testing" time="22.690" errors="0" timestamp="2023-10-02T11:03:34 IST" skipped="0">
  <testcase classname="parallalTesting_Crossbrowser.Parallal_Testing" name="ts1" time="22.690"/>
</testsuite> <!-- parallalTesting_Crossbrowser.Parallal_Testing -->
