<?xml version="1.0" encoding="UTF-8"?>
<!-- Generated by org.testng.reporters.JUnitReportReporter -->
<testsuite hostname="DESKTOP-FBC9JGO" failures="0" tests="9" name="practice.TestNg_Parameter" time="0.156" errors="0" timestamp="2023-11-03T12:52:03 IST" skipped="1">
  <testcase classname="practice.TestNg_Parameter" name="two" time="0.052"/>
  <testcase classname="practice.TestNg_Parameter" name="four" time="0.039"/>
  <testcase classname="practice.TestNg_Parameter" name="three" time="0.010"/>
  <testcase classname="practice.TestNg_Parameter" name="four" time="0.013"/>
  <testcase classname="practice.TestNg_Parameter" name="four" time="0.006"/>
  <testcase classname="practice.TestNg_Parameter" name="four" time="0.007"/>
  <testcase classname="practice.TestNg_Parameter" name="four" time="0.024"/>
  <testcase classname="practice.TestNg_Parameter" name="one" time="0.005"/>
  <testcase classname="practice.TestNg_Parameter" name="five">
    <skipped/>
  </testcase> <!-- five -->
</testsuite> <!-- practice.TestNg_Parameter -->
