<?xml version="1.0" encoding="UTF-8"?>
<!-- Generated by org.testng.reporters.JUnitReportReporter -->
<testsuite hostname="DESKTOP-FBC9JGO" failures="0" tests="1" name="practice.BD_BioScience" time="160.402" errors="0" timestamp="2023-10-01T18:37:38 IST" skipped="0">
  <testcase classname="practice.BD_BioScience" name="bd" time="160.402"/>
</testsuite> <!-- practice.BD_BioScience -->
