<?xml version="1.0" encoding="UTF-8"?>
<!-- Generated by org.testng.reporters.JUnitReportReporter -->
<testsuite hostname="DESKTOP-FBC9JGO" failures="0" tests="1" name="practice.Launch" time="24.069" errors="0" timestamp="2023-09-25T18:22:41 IST" skipped="0">
  <testcase classname="practice.Launch" name="login" time="24.069"/>
</testsuite> <!-- practice.Launch -->
