<?xml version="1.0" encoding="UTF-8"?>
<!-- Generated by org.testng.reporters.JUnitReportReporter -->
<testsuite hostname="DESKTOP-FBC9JGO" failures="0" tests="1" name="practice.Scenario1" time="95.529" errors="0" timestamp="2023-09-21T15:10:12 IST" skipped="0">
  <testcase classname="practice.Scenario1" name="ts1" time="95.529"/>
</testsuite> <!-- practice.Scenario1 -->
