<?xml version="1.0" encoding="UTF-8"?>
<!-- Generated by org.testng.reporters.JUnitReportReporter -->
<testsuite hostname="DESKTOP-FBC9JGO" failures="0" tests="1" name="programe.Assert_Keyword" time="0.052" errors="0" timestamp="2023-11-18T12:09:17 IST" skipped="0">
  <testcase classname="programe.Assert_Keyword" name="one" time="0.052"/>
</testsuite> <!-- programe.Assert_Keyword -->
