<?xml version="1.0" encoding="UTF-8"?>
<!-- Generated by org.testng.reporters.JUnitReportReporter -->
<testsuite hostname="DESKTOP-FBC9JGO" failures="0" tests="1" name="practice.Coordinates" time="11.817" errors="0" timestamp="2023-11-01T18:23:30 IST" skipped="0">
  <testcase classname="practice.Coordinates" name="one" time="11.817"/>
</testsuite> <!-- practice.Coordinates -->
