<?xml version="1.0" encoding="UTF-8"?>
<!-- Generated by org.testng.reporters.JUnitReportReporter -->
<testsuite hostname="DESKTOP-FBC9JGO" failures="0" tests="1" name="programe.Print_AutoSugg_Amazon" time="23.051" errors="0" timestamp="2023-10-06T18:32:59 IST" skipped="0">
  <testcase classname="programe.Print_AutoSugg_Amazon" name="autosuggestion" time="23.051"/>
</testsuite> <!-- programe.Print_AutoSugg_Amazon -->
