<?xml version="1.0" encoding="UTF-8"?>
<!-- Generated by org.testng.reporters.JUnitReportReporter -->
<testsuite hostname="DESKTOP-FBC9JGO" failures="0" tests="1" name="annotation.Orderof_Annotation" time="0.022" errors="0" timestamp="2023-09-23T19:12:49 IST" skipped="0">
  <testcase classname="annotation.Orderof_Annotation" name="test" time="0.022"/>
</testsuite> <!-- annotation.Orderof_Annotation -->
