<?xml version="1.0" encoding="UTF-8"?>
<!-- Generated by org.testng.reporters.JUnitReportReporter -->
<testsuite hostname="DESKTOP-FBC9JGO" failures="0" tests="1" name="programe.Drag_Drop" time="20.869" errors="0" timestamp="2023-10-31T11:52:26 IST" skipped="0">
  <testcase classname="programe.Drag_Drop" name="drapanddrop" time="20.869"/>
</testsuite> <!-- programe.Drag_Drop -->
