<?xml version="1.0" encoding="UTF-8"?>
<!-- Generated by org.testng.reporters.JUnitReportReporter -->
<testsuite hostname="DESKTOP-FBC9JGO" failures="0" tests="1" name="practice.Wayfair" time="19.558" errors="0" timestamp="2023-11-08T13:46:59 IST" skipped="0">
  <testcase classname="practice.Wayfair" name="one" time="19.558"/>
</testsuite> <!-- practice.Wayfair -->
