<?xml version="1.0" encoding="UTF-8"?>
<!-- Generated by org.testng.reporters.JUnitReportReporter -->
<testsuite hostname="DESKTOP-FBC9JGO" failures="0" tests="1" name="practice.Ecommerse" time="34.584" errors="0" timestamp="2023-09-26T16:09:47 IST" skipped="0">
  <testcase classname="practice.Ecommerse" name="app" time="34.584"/>
</testsuite> <!-- practice.Ecommerse -->
