<?xml version="1.0" encoding="UTF-8"?>
<!-- Generated by org.testng.reporters.JUnitReportReporter -->
<testsuite hostname="DESKTOP-FBC9JGO" failures="0" tests="1" name="smoketestingofamazon.Scenario2" time="53.226" errors="0" timestamp="2023-09-18T12:40:49 IST" skipped="0">
  <testcase classname="smoketestingofamazon.Scenario2" name="testcase1" time="53.226"/>
</testsuite> <!-- smoketestingofamazon.Scenario2 -->
