<?xml version="1.0" encoding="UTF-8"?>
<!-- Generated by org.testng.reporters.JUnitReportReporter -->
<testsuite hostname="DESKTOP-FBC9JGO" failures="0" tests="5" name="practice.Make_My_Trip" time="27.710" errors="0" timestamp="2023-11-20T18:55:01 IST" skipped="4">
  <testcase classname="practice.Make_My_Trip" name="roundtrip" time="27.710"/>
  <testcase classname="practice.Make_My_Trip" name="livestatus">
    <skipped/>
  </testcase> <!-- livestatus -->
  <testcase classname="practice.Make_My_Trip" name="checkpnr">
    <skipped/>
  </testcase> <!-- checkpnr -->
  <testcase classname="practice.Make_My_Trip" name="booking">
    <skipped/>
  </testcase> <!-- booking -->
  <testcase classname="practice.Make_My_Trip" name="flight">
    <skipped/>
  </testcase> <!-- flight -->
</testsuite> <!-- practice.Make_My_Trip -->
