<?xml version="1.0" encoding="UTF-8"?>
<!-- Generated by org.testng.reporters.JUnitReportReporter -->
<testsuite hostname="DESKTOP-FBC9JGO" failures="0" tests="1" name="smoketestingofamazon.Scenario4" time="42.469" errors="0" timestamp="2023-09-14T18:43:35 IST" skipped="0">
  <testcase classname="smoketestingofamazon.Scenario4" name="testcase1" time="42.469"/>
</testsuite> <!-- smoketestingofamazon.Scenario4 -->
