<?xml version="1.0" encoding="UTF-8"?>
<!-- Generated by org.testng.reporters.JUnitReportReporter -->
<testsuite hostname="DESKTOP-FBC9JGO" failures="0" tests="1" name="programe.amazon_Till_Payment_Page" time="56.676" errors="0" timestamp="2023-09-13T13:48:32 IST" skipped="0">
  <testcase classname="programe.amazon_Till_Payment_Page" name="test1" time="56.676"/>
</testsuite> <!-- programe.amazon_Till_Payment_Page -->
