<?xml version="1.0" encoding="UTF-8"?>
<!-- Generated by org.testng.reporters.JUnitReportReporter -->
<testsuite hostname="DESKTOP-FBC9JGO" failures="0" tests="4" name="grouping.One" time="0.033" errors="0" timestamp="2023-09-30T13:12:51 IST" skipped="0">
  <testcase classname="grouping.One" name="sc4" time="0.006"/>
  <testcase classname="grouping.One" name="sc6" time="0.004"/>
  <testcase classname="grouping.One" name="sc10" time="0.020"/>
  <testcase classname="grouping.One" name="sc9" time="0.003"/>
</testsuite> <!-- grouping.One -->
