<?xml version="1.0" encoding="UTF-8"?>
<!-- Generated by org.testng.reporters.JUnitReportReporter -->
<testsuite hostname="DESKTOP-FBC9JGO" failures="0" tests="1" name="programe.Implicitwait_Class" time="29.973" errors="0" timestamp="2023-11-17T22:08:02 IST" skipped="0">
  <testcase classname="programe.Implicitwait_Class" name="login" time="29.973"/>
</testsuite> <!-- programe.Implicitwait_Class -->
