<?xml version="1.0" encoding="UTF-8"?>
<!-- Generated by org.testng.reporters.JUnitReportReporter -->
<testsuite hostname="DESKTOP-FBC9JGO" failures="0" tests="1" name="programe.ScreenShot_Example" time="18.991" errors="0" timestamp="2023-09-15T10:02:15 IST" skipped="0">
  <testcase classname="programe.ScreenShot_Example" name="testcase1" time="18.991"/>
</testsuite> <!-- programe.ScreenShot_Example -->
