<?xml version="1.0" encoding="UTF-8"?>
<!-- Generated by org.testng.reporters.JUnitReportReporter -->
<testsuite hostname="DESKTOP-FBC9JGO" failures="0" tests="1" name="practice.GTM_Registration" time="34.144" errors="0" timestamp="2023-10-12T01:19:23 IST" skipped="0">
  <testcase classname="practice.GTM_Registration" name="registration" time="34.144"/>
</testsuite> <!-- practice.GTM_Registration -->
