<?xml version="1.0" encoding="UTF-8"?>
<!-- Generated by org.testng.reporters.JUnitReportReporter -->
<testsuite hostname="DESKTOP-FBC9JGO" failures="0" tests="1" name="practice.Exam" time="68.248" errors="0" timestamp="2023-11-04T12:52:55 IST" skipped="0">
  <testcase classname="practice.Exam" name="login" time="68.248"/>
</testsuite> <!-- practice.Exam -->
