<?xml version="1.0" encoding="UTF-8"?>
<!-- Generated by org.testng.reporters.JUnitReportReporter -->
<testsuite hostname="DESKTOP-FBC9JGO" failures="0" tests="1" name="practice.KT" time="21.330" errors="0" timestamp="2023-11-03T12:39:57 IST" skipped="0">
  <testcase classname="practice.KT" name="one" time="21.330"/>
</testsuite> <!-- practice.KT -->
