<?xml version="1.0" encoding="UTF-8"?>
<!-- Generated by org.testng.reporters.JUnitReportReporter -->
<testsuite hostname="DESKTOP-FBC9JGO" failures="0" tests="1" name="programe.Url_Class" time="163.620" errors="0" timestamp="2023-10-30T14:08:31 IST" skipped="0">
  <testcase classname="programe.Url_Class" name="link" time="163.620"/>
</testsuite> <!-- programe.Url_Class -->
