<?xml version="1.0" encoding="UTF-8"?>
<!-- Generated by org.testng.reporters.JUnitReportReporter -->
<testsuite hostname="DESKTOP-FBC9JGO" failures="0" tests="2" name="newone.Orderof_Annotation2" time="0.021" errors="0" timestamp="2023-09-13T11:36:07 IST" skipped="0">
  <testcase classname="newone.Orderof_Annotation2" name="substract" time="0.012"/>
  <testcase classname="newone.Orderof_Annotation2" name="add" time="0.009"/>
</testsuite> <!-- newone.Orderof_Annotation2 -->
