<?xml version="1.0" encoding="UTF-8"?>
<!-- Generated by org.testng.reporters.JUnitReportReporter -->
<testsuite hostname="DESKTOP-FBC9JGO" failures="0" tests="1" name="programe.Scrolling" time="10.209" errors="0" timestamp="2023-10-31T13:02:32 IST" skipped="0">
  <testcase classname="programe.Scrolling" name="scroll" time="10.209"/>
</testsuite> <!-- programe.Scrolling -->
