<?xml version="1.0" encoding="UTF-8"?>
<!-- Generated by org.testng.reporters.JUnitReportReporter -->
<testsuite hostname="DESKTOP-FBC9JGO" failures="0" tests="3" name="newone.Orderof_Annotation7" time="0.197" errors="0" timestamp="2023-09-13T11:36:07 IST" skipped="0">
  <testcase classname="newone.Orderof_Annotation7" name="multiplication" time="0.033"/>
  <testcase classname="newone.Orderof_Annotation7" name="add" time="0.145"/>
  <testcase classname="newone.Orderof_Annotation7" name="substract" time="0.019"/>
</testsuite> <!-- newone.Orderof_Annotation7 -->
