<?xml version="1.0" encoding="UTF-8"?>
<!-- Generated by org.testng.reporters.JUnitReportReporter -->
<testsuite hostname="DESKTOP-FBC9JGO" failures="0" tests="1" name="test_code.TestCase" time="87.549" errors="0" timestamp="2023-10-16T12:54:30 IST" skipped="0">
  <testcase classname="test_code.TestCase" name="login" time="87.549"/>
</testsuite> <!-- test_code.TestCase -->
