<?xml version="1.0" encoding="UTF-8"?>
<!-- Generated by org.testng.reporters.JUnitReportReporter -->
<testsuite hostname="DESKTOP-FBC9JGO" failures="0" tests="1" name="test_code.TestCase5" time="62.267" errors="0" timestamp="2023-10-18T21:25:16 IST" skipped="0">
  <testcase classname="test_code.TestCase5" name="sc5" time="62.267"/>
</testsuite> <!-- test_code.TestCase5 -->
