<?xml version="1.0" encoding="UTF-8"?>
<!-- Generated by org.testng.reporters.JUnitReportReporter -->
<testsuite hostname="DESKTOP-FBC9JGO" failures="0" tests="1" name="test_code.TestCase4" time="55.687" errors="0" timestamp="2023-10-18T21:25:16 IST" skipped="0">
  <testcase classname="test_code.TestCase4" name="sc4" time="55.687"/>
</testsuite> <!-- test_code.TestCase4 -->
