<?xml version="1.0" encoding="UTF-8"?>
<!-- Generated by org.testng.reporters.JUnitReportReporter -->
<testsuite hostname="DESKTOP-FBC9JGO" failures="0" tests="1" name="test_code.TestCase2" time="28.428" errors="0" timestamp="2023-10-20T10:30:04 IST" skipped="0">
  <testcase classname="test_code.TestCase2" name="sc2" time="28.428"/>
</testsuite> <!-- test_code.TestCase2 -->
