<?xml version="1.0" encoding="UTF-8"?>
<!-- Generated by org.testng.reporters.JUnitReportReporter -->
<testsuite hostname="DESKTOP-FBC9JGO" failures="0" tests="1" name="test_code.TestCase6" time="73.992" errors="0" timestamp="2023-10-18T21:25:16 IST" skipped="0">
  <testcase classname="test_code.TestCase6" name="sc6" time="73.992"/>
</testsuite> <!-- test_code.TestCase6 -->
