<?xml version="1.0" encoding="UTF-8"?>
<!-- Generated by org.testng.reporters.JUnitReportReporter -->
<testsuite hostname="DESKTOP-FBC9JGO" failures="0" tests="1" name="test_code.Testcase1" time="13.103" errors="0" timestamp="2023-10-20T10:25:54 IST" skipped="0">
  <testcase classname="test_code.Testcase1" name="login" time="13.103"/>
</testsuite> <!-- test_code.Testcase1 -->
