<?xml version="1.0" encoding="UTF-8"?>
<!-- Generated by org.testng.reporters.JUnitReportReporter -->
<testsuite hostname="DESKTOP-FBC9JGO" failures="0" tests="1" name="MavenProject.newone.Demo_TestNG" time="0.047" errors="0" timestamp="2023-10-19T19:43:14 IST" skipped="0">
  <testcase classname="MavenProject.newone.Demo_TestNG" name="one" time="0.047">
    <system-out>
      <![CDATA[Hello]]>
    </system-out>
  </testcase> <!-- one -->
  <system-out>
    <![CDATA[Hello]]>
  </system-out>
</testsuite> <!-- MavenProject.newone.Demo_TestNG -->
